2025-07-25T12:21:40.738Z [index=1] [majorCode=P012] [majorName=영미언어정보트랙] [major] Post Course: 20242-영미언어정보트랙 HTTP ERROR!
2025-07-25T12:21:40.761Z [index=1] [majorCode=P012] [majorName=영미언어정보트랙] [major] Post Course: 20251-영미언어정보트랙 HTTP ERROR!
2025-07-25T12:21:40.784Z [index=1] [majorCode=P012] [majorName=영미언어정보트랙] [major] Post Course: 20241-영미언어정보트랙 HTTP ERROR!
2025-07-25T12:21:40.849Z [index=2] [majorCode=P013] [majorName=한국어교육트랙] [major] Post Course: 20242-한국어교육트랙 HTTP ERROR!
2025-07-25T12:21:40.881Z [index=2] [majorCode=P013] [majorName=한국어교육트랙] [major] Post Course: 20251-한국어교육트랙 HTTP ERROR!
2025-07-25T12:21:40.893Z [index=2] [majorCode=P013] [majorName=한국어교육트랙] [major] Post Course: 20241-한국어교육트랙 HTTP ERROR!
2025-07-25T12:21:40.981Z [index=3] [majorCode=P014] [majorName=문학문화콘텐츠트랙] [major] Post Course: 20242-문학문화콘텐츠트랙 HTTP ERROR!
2025-07-25T12:21:41.011Z [index=3] [majorCode=P018] [majorName=디지털인문정보학트랙] [major] Post Course: 20251-디지털인문정보학트랙 HTTP ERROR!
2025-07-25T12:21:41.029Z [index=3] [majorCode=P014] [majorName=문학문화콘텐츠트랙] [major] Post Course: 20241-문학문화콘텐츠트랙 HTTP ERROR!
2025-07-25T12:21:41.101Z [index=4] [majorCode=P015] [majorName=글로컬역사트랙] [major] Post Course: 20242-글로컬역사트랙 HTTP ERROR!
2025-07-25T12:21:41.126Z [index=4] [majorCode=P019] [majorName=역사문화큐레이션트랙] [major] Post Course: 20251-역사문화큐레이션트랙 HTTP ERROR!
2025-07-25T12:21:41.149Z [index=4] [majorCode=P015] [majorName=글로컬역사트랙] [major] Post Course: 20241-글로컬역사트랙 HTTP ERROR!
2025-07-25T12:21:41.203Z [index=5] [majorCode=P016] [majorName=역사문화콘텐츠트랙] [major] Post Course: 20242-역사문화콘텐츠트랙 HTTP ERROR!
2025-07-25T12:21:41.243Z [index=5] [majorCode=P01A] [majorName=역사콘텐츠트랙] [major] Post Course: 20251-역사콘텐츠트랙 HTTP ERROR!
2025-07-25T12:21:41.252Z [index=5] [majorCode=P016] [majorName=역사문화콘텐츠트랙] [major] Post Course: 20241-역사문화콘텐츠트랙 HTTP ERROR!
2025-07-25T12:21:41.323Z [index=6] [majorCode=P018] [majorName=디지털인문정보학트랙] [major] Post Course: 20242-디지털인문정보학트랙 HTTP ERROR!
2025-07-25T12:21:41.375Z [index=6] [majorCode=P018] [majorName=디지털인문정보학트랙] [major] Post Course: 20241-디지털인문정보학트랙 HTTP ERROR!
2025-07-25T12:21:41.381Z [index=6] [majorCode=P01B] [majorName=영미문화콘텐츠트랙] [major] Post Course: 20251-영미문화콘텐츠트랙 HTTP ERROR!
2025-07-25T12:21:41.438Z [index=7] [majorCode=P019] [majorName=역사문화큐레이션트랙] [major] Post Course: 20242-역사문화큐레이션트랙 HTTP ERROR!
2025-07-25T12:21:41.486Z [index=7] [majorCode=P019] [majorName=역사문화큐레이션트랙] [major] Post Course: 20241-역사문화큐레이션트랙 HTTP ERROR!
2025-07-25T12:21:41.506Z [index=7] [majorCode=P01C] [majorName=지식정보문화트랙] [major] Post Course: 20251-지식정보문화트랙 HTTP ERROR!
2025-07-25T12:21:41.551Z [index=8] [majorCode=P01A] [majorName=역사콘텐츠트랙] [major] Post Course: 20242-역사콘텐츠트랙 HTTP ERROR!
2025-07-25T12:21:41.610Z [index=8] [majorCode=P01A] [majorName=역사콘텐츠트랙] [major] Post Course: 20241-역사콘텐츠트랙 HTTP ERROR!
2025-07-25T12:21:41.634Z [index=8] [majorCode=P021] [majorName=동양화전공] [major] Post Course: 20251-동양화전공 HTTP ERROR!
2025-07-25T12:21:41.650Z [index=9] [majorCode=P01B] [majorName=영미문화콘텐츠트랙] [major] Post Course: 20242-영미문화콘텐츠트랙 HTTP ERROR!
2025-07-25T12:21:41.708Z [index=9] [majorCode=P01B] [majorName=영미문화콘텐츠트랙] [major] Post Course: 20241-영미문화콘텐츠트랙 HTTP ERROR!
2025-07-25T12:21:41.895Z [index=10] [majorCode=P023] [majorName=한국무용전공] [major] Post Course: 20251-한국무용전공 HTTP ERROR!
2025-07-25T12:21:41.946Z [index=11] [majorCode=P021] [majorName=동양화전공] [major] Post Course: 20242-동양화전공 HTTP ERROR!
2025-07-25T12:21:42.015Z [index=11] [majorCode=P021] [majorName=동양화전공] [major] Post Course: 20241-동양화전공 HTTP ERROR!
2025-07-25T12:21:42.031Z [index=11] [majorCode=P024] [majorName=현대무용전공] [major] Post Course: 20251-현대무용전공 HTTP ERROR!
2025-07-25T12:21:42.077Z [index=12] [majorCode=P022] [majorName=서양화전공] [major] Post Course: 20242-서양화전공 HTTP ERROR!
2025-07-25T12:21:42.131Z [index=12] [majorCode=P025] [majorName=발레전공] [major] Post Course: 20251-발레전공 HTTP ERROR!
2025-07-25T12:21:42.137Z [index=12] [majorCode=P022] [majorName=서양화전공] [major] Post Course: 20241-서양화전공 HTTP ERROR!
2025-07-25T12:21:42.181Z [index=13] [majorCode=P023] [majorName=한국무용전공] [major] Post Course: 20242-한국무용전공 HTTP ERROR!
2025-07-25T12:21:42.235Z [index=13] [majorCode=R011] [majorName=국제무역트랙] [major] Post Course: 20251-국제무역트랙 HTTP ERROR!
2025-07-25T12:21:42.242Z [index=13] [majorCode=P023] [majorName=한국무용전공] [major] Post Course: 20241-한국무용전공 HTTP ERROR!
2025-07-25T12:21:42.278Z [index=14] [majorCode=P024] [majorName=현대무용전공] [major] Post Course: 20242-현대무용전공 HTTP ERROR!
2025-07-25T12:21:42.336Z [index=14] [majorCode=P024] [majorName=현대무용전공] [major] Post Course: 20241-현대무용전공 HTTP ERROR!
2025-07-25T12:21:42.354Z [index=14] [majorCode=R012] [majorName=글로벌비즈니스트랙] [major] Post Course: 20251-글로벌비즈니스트랙 HTTP ERROR!
2025-07-25T12:21:42.379Z [index=15] [majorCode=P025] [majorName=발레전공] [major] Post Course: 20242-발레전공 HTTP ERROR!
2025-07-25T12:21:42.436Z [index=15] [majorCode=P025] [majorName=발레전공] [major] Post Course: 20241-발레전공 HTTP ERROR!
2025-07-25T12:21:42.478Z [index=16] [majorCode=P026] [majorName=이민·다문화트랙] [major] Post Course: 20242-이민·다문화트랙 HTTP ERROR!
2025-07-25T12:21:42.474Z [index=15] [majorCode=R013] [majorName=기업·경제분석트랙] [major] Post Course: 20251-기업·경제분석트랙 HTTP ERROR!
2025-07-25T12:21:42.529Z [index=16] [majorCode=P026] [majorName=이민·다문화트랙] [major] Post Course: 20241-이민·다문화트랙 HTTP ERROR!
2025-07-25T12:21:42.576Z [index=17] [majorCode=R011] [majorName=국제무역트랙] [major] Post Course: 20242-국제무역트랙 HTTP ERROR!
2025-07-25T12:21:42.590Z [index=16] [majorCode=R014] [majorName=금융·데이터분석트랙] [major] Post Course: 20251-금융·데이터분석트랙 HTTP ERROR!
2025-07-25T12:21:42.629Z [index=17] [majorCode=R011] [majorName=국제무역트랙] [major] Post Course: 20241-국제무역트랙 HTTP ERROR!
2025-07-25T12:21:42.690Z [index=18] [majorCode=R012] [majorName=글로벌비즈니스트랙] [major] Post Course: 20242-글로벌비즈니스트랙 HTTP ERROR!
2025-07-25T12:21:42.696Z [index=17] [majorCode=R016] [majorName=법&정책트랙] [major] Post Course: 20251-법&정책트랙 HTTP ERROR!
2025-07-25T12:21:42.752Z [index=18] [majorCode=R012] [majorName=글로벌비즈니스트랙] [major] Post Course: 20241-글로벌비즈니스트랙 HTTP ERROR!
2025-07-25T12:21:42.809Z [index=19] [majorCode=R013] [majorName=기업·경제분석트랙] [major] Post Course: 20242-기업·경제분석트랙 HTTP ERROR!
2025-07-25T12:21:42.829Z [index=18] [majorCode=R019] [majorName=기업경영트랙] [major] Post Course: 20251-기업경영트랙 HTTP ERROR!
2025-07-25T12:21:42.850Z [index=19] [majorCode=R013] [majorName=기업·경제분석트랙] [major] Post Course: 20241-기업·경제분석트랙 HTTP ERROR!
2025-07-25T12:21:43.049Z [index=21] [majorCode=R016] [majorName=법&정책트랙] [major] Post Course: 20242-법&정책트랙 HTTP ERROR!
2025-07-25T12:21:43.112Z [index=21] [majorCode=R016] [majorName=법&정책트랙] [major] Post Course: 20241-법&정책트랙 HTTP ERROR!
2025-07-25T12:21:43.153Z [index=20] [majorCode=R01C] [majorName=공공행정트랙] [major] Post Course: 20251-공공행정트랙 HTTP ERROR!
2025-07-25T12:21:43.190Z [index=22] [majorCode=R019] [majorName=기업경영트랙] [major] Post Course: 20242-기업경영트랙 HTTP ERROR!
2025-07-25T12:21:43.240Z [index=22] [majorCode=R019] [majorName=기업경영트랙] [major] Post Course: 20241-기업경영트랙 HTTP ERROR!
2025-07-25T12:21:43.277Z [index=21] [majorCode=R01D] [majorName=부동산트랙] [major] Post Course: 20251-부동산트랙 HTTP ERROR!
2025-07-25T12:21:43.314Z [index=23] [majorCode=R01A] [majorName=벤처경영트랙] [major] Post Course: 20242-벤처경영트랙 HTTP ERROR!
2025-07-25T12:21:43.361Z [index=22] [majorCode=R01E] [majorName=스마트도시·교통계획트랙] [major] Post Course: 20251-스마트도시·교통계획트랙 HTTP ERROR!
2025-07-25T12:21:43.373Z [index=23] [majorCode=R01A] [majorName=벤처경영트랙] [major] Post Course: 20241-벤처경영트랙 HTTP ERROR!
2025-07-25T12:21:43.436Z [index=24] [majorCode=R01B] [majorName=회계·재무경영트랙] [major] Post Course: 20242-회계·재무경영트랙 HTTP ERROR!
2025-07-25T12:21:43.466Z [index=23] [majorCode=R01F] [majorName=경제금융투자트랙] [major] Post Course: 20251-경제금융투자트랙 HTTP ERROR!
2025-07-25T12:21:43.521Z [index=24] [majorCode=R01B] [majorName=회계·재무경영트랙] [major] Post Course: 20241-회계·재무경영트랙 HTTP ERROR!
2025-07-25T12:21:43.558Z [index=25] [majorCode=R01C] [majorName=공공행정트랙] [major] Post Course: 20242-공공행정트랙 HTTP ERROR!
2025-07-25T12:21:43.594Z [index=24] [majorCode=R01G] [majorName=비즈니스애널리틱스트랙] [major] Post Course: 20251-비즈니스애널리틱스트랙 HTTP ERROR!
2025-07-25T12:21:43.619Z [index=25] [majorCode=R01C] [majorName=공공행정트랙] [major] Post Course: 20241-공공행정트랙 HTTP ERROR!
2025-07-25T12:21:43.668Z [index=26] [majorCode=R01D] [majorName=부동산트랙] [major] Post Course: 20242-부동산트랙 HTTP ERROR!
2025-07-25T12:21:43.699Z [index=25] [majorCode=T011] [majorName=패션마케팅트랙] [major] Post Course: 20251-패션마케팅트랙 HTTP ERROR!
2025-07-25T12:21:43.728Z [index=26] [majorCode=R01D] [majorName=부동산트랙] [major] Post Course: 20241-부동산트랙 HTTP ERROR!
2025-07-25T12:21:43.761Z [index=27] [majorCode=R01E] [majorName=스마트도시·교통계획트랙] [major] Post Course: 20242-스마트도시·교통계획트랙 HTTP ERROR!
2025-07-25T12:21:43.807Z [index=26] [majorCode=T012] [majorName=패션디자인트랙] [major] Post Course: 20251-패션디자인트랙 HTTP ERROR!
2025-07-25T12:21:43.832Z [index=27] [majorCode=R01E] [majorName=스마트도시·교통계획트랙] [major] Post Course: 20241-스마트도시·교통계획트랙 HTTP ERROR!
2025-07-25T12:21:43.855Z [index=28] [majorCode=R01F] [majorName=경제금융투자트랙] [major] Post Course: 20242-경제금융투자트랙 HTTP ERROR!
2025-07-25T12:21:43.916Z [index=27] [majorCode=T013] [majorName=패션크리에이티브디렉션트랙] [major] Post Course: 20251-패션크리에이티브디렉션트랙 HTTP ERROR!
2025-07-25T12:21:43.928Z [index=28] [majorCode=R01F] [majorName=경제금융투자트랙] [major] Post Course: 20241-경제금융투자트랙 HTTP ERROR!
2025-07-25T12:21:43.987Z [index=29] [majorCode=T011] [majorName=패션마케팅트랙] [major] Post Course: 20242-패션마케팅트랙 HTTP ERROR!
2025-07-25T12:21:44.028Z [index=29] [majorCode=T011] [majorName=패션마케팅트랙] [major] Post Course: 20241-패션마케팅트랙 HTTP ERROR!
2025-07-25T12:21:44.031Z [index=28] [majorCode=T022] [majorName=영상·애니메이션디자인트랙] [major] Post Course: 20251-영상·애니메이션디자인트랙 HTTP ERROR!
2025-07-25T12:21:44.255Z [index=31] [majorCode=T013] [majorName=패션크리에이티브디렉션트랙] [major] Post Course: 20242-패션크리에이티브디렉션트랙 HTTP ERROR!
2025-07-25T12:21:44.272Z [index=30] [majorCode=T026] [majorName=VMD·전시디자인트랙] [major] Post Course: 20251-VMD·전시디자인트랙 HTTP ERROR!
2025-07-25T12:21:44.361Z [index=32] [majorCode=T021] [majorName=뉴미디어 광고·커뮤니케이션디자인트랙] [major] Post Course: 20242-뉴미디어 광고·커뮤니케이션디자인트랙 HTTP ERROR!
2025-07-25T12:21:44.386Z [index=31] [majorCode=T028] [majorName=인테리어디자인트랙] [major] Post Course: 20251-인테리어디자인트랙 HTTP ERROR!
2025-07-25T12:21:44.444Z [index=31] [majorCode=T013] [majorName=패션크리에이티브디렉션트랙] [major] Post Course: 20241-패션크리에이티브디렉션트랙 HTTP ERROR!
2025-07-25T12:21:44.473Z [index=33] [majorCode=T022] [majorName=영상·애니메이션디자인트랙] [major] Post Course: 20242-영상·애니메이션디자인트랙 HTTP ERROR!
2025-07-25T12:21:44.504Z [index=32] [majorCode=T029] [majorName=게임그래픽디자인트랙] [major] Post Course: 20251-게임그래픽디자인트랙 HTTP ERROR!
2025-07-25T12:21:44.568Z [index=32] [majorCode=T021] [majorName=뉴미디어 광고·커뮤니케이션디자인트랙] [major] Post Course: 20241-뉴미디어 광고·커뮤니케이션디자인트랙 HTTP ERROR!
2025-07-25T12:21:44.593Z [index=34] [majorCode=T023] [majorName=제품·서비스디자인트랙] [major] Post Course: 20242-제품·서비스디자인트랙 HTTP ERROR!
2025-07-25T12:21:44.627Z [index=33] [majorCode=T02A] [majorName=UX/UI디자인트랙] [major] Post Course: 20251-UX/UI디자인트랙 HTTP ERROR!
2025-07-25T12:21:44.715Z [index=35] [majorCode=T024] [majorName=브랜드·패키지디자인트랙] [major] Post Course: 20242-브랜드·패키지디자인트랙 HTTP ERROR!
2025-07-25T12:21:44.719Z [index=33] [majorCode=T022] [majorName=영상·애니메이션디자인트랙] [major] Post Course: 20241-영상·애니메이션디자인트랙 HTTP ERROR!
2025-07-25T12:21:44.762Z [index=34] [majorCode=T02B] [majorName=미디어디자인트랙] [major] Post Course: 20251-미디어디자인트랙 HTTP ERROR!
2025-07-25T12:21:44.816Z [index=36] [majorCode=T026] [majorName=VMD·전시디자인트랙] [major] Post Course: 20242-VMD·전시디자인트랙 HTTP ERROR!
2025-07-25T12:21:44.846Z [index=34] [majorCode=T023] [majorName=제품·서비스디자인트랙] [major] Post Course: 20241-제품·서비스디자인트랙 HTTP ERROR!
2025-07-25T12:21:44.874Z [index=35] [majorCode=T02C] [majorName=시각디자인트랙] [major] Post Course: 20251-시각디자인트랙 HTTP ERROR!
2025-07-25T12:21:44.911Z [index=37] [majorCode=T028] [majorName=인테리어디자인트랙] [major] Post Course: 20242-인테리어디자인트랙 HTTP ERROR!
2025-07-25T12:21:44.954Z [index=35] [majorCode=T024] [majorName=브랜드·패키지디자인트랙] [major] Post Course: 20241-브랜드·패키지디자인트랙 HTTP ERROR!
2025-07-25T12:21:44.974Z [index=36] [majorCode=T030] [majorName=뷰티디자인매니지먼트학과] [major] Post Course: 20251-뷰티디자인매니지먼트학과 HTTP ERROR!
2025-07-25T12:21:45.034Z [index=38] [majorCode=T029] [majorName=게임그래픽디자인트랙] [major] Post Course: 20242-게임그래픽디자인트랙 HTTP ERROR!
2025-07-25T12:21:45.076Z [index=37] [majorCode=T040] [majorName=뷰티매니지먼트학과] [major] Post Course: 20251-뷰티매니지먼트학과 HTTP ERROR!
2025-07-25T12:21:45.083Z [index=36] [majorCode=T026] [majorName=VMD·전시디자인트랙] [major] Post Course: 20241-VMD·전시디자인트랙 HTTP ERROR!
2025-07-25T12:21:45.131Z [index=39] [majorCode=T02A] [majorName=UX/UI디자인트랙] [major] Post Course: 20242-UX/UI디자인트랙 HTTP ERROR!
2025-07-25T12:21:45.171Z [index=38] [majorCode=T050] [majorName=영상애니메이션콘텐츠학과] [major] Post Course: 20251-영상애니메이션콘텐츠학과 HTTP ERROR!
2025-07-25T12:21:45.211Z [index=37] [majorCode=T028] [majorName=인테리어디자인트랙] [major] Post Course: 20241-인테리어디자인트랙 HTTP ERROR!
2025-07-25T12:21:45.392Z [index=40] [majorCode=U122] [majorName=KCU] [major] Post Course: 20251-KCU HTTP ERROR!
2025-07-25T12:21:45.425Z [index=41] [majorCode=T040] [majorName=뷰티매니지먼트학과] [major] Post Course: 20242-뷰티매니지먼트학과 HTTP ERROR!
2025-07-25T12:21:45.534Z [index=42] [majorCode=U121] [majorName=한양사이버] [major] Post Course: 20242-한양사이버 HTTP ERROR!
2025-07-25T12:21:45.539Z [index=41] [majorCode=V021] [majorName=모바일소프트웨어트랙] [major] Post Course: 20251-모바일소프트웨어트랙 HTTP ERROR!
2025-07-25T12:21:45.554Z [index=39] [majorCode=T02A] [majorName=UX/UI디자인트랙] [major] Post Course: 20241-UX/UI디자인트랙 HTTP ERROR!
2025-07-25T12:21:45.637Z [index=43] [majorCode=U122] [majorName=KCU] [major] Post Course: 20242-KCU HTTP ERROR!
2025-07-25T12:21:45.690Z [index=40] [majorCode=T030] [majorName=뷰티디자인매니지먼트학과] [major] Post Course: 20241-뷰티디자인매니지먼트학과 HTTP ERROR!
2025-07-25T12:21:45.707Z [index=42] [majorCode=V022] [majorName=빅데이터트랙] [major] Post Course: 20251-빅데이터트랙 HTTP ERROR!
2025-07-25T12:21:45.764Z [index=44] [majorCode=V021] [majorName=모바일소프트웨어트랙] [major] Post Course: 20242-모바일소프트웨어트랙 HTTP ERROR!
2025-07-25T12:21:45.809Z [index=41] [majorCode=T040] [majorName=뷰티매니지먼트학과] [major] Post Course: 20241-뷰티매니지먼트학과 HTTP ERROR!
2025-07-25T12:21:45.856Z [index=43] [majorCode=V023] [majorName=디지털콘텐츠·가상현실트랙] [major] Post Course: 20251-디지털콘텐츠·가상현실트랙 HTTP ERROR!
2025-07-25T12:21:45.894Z [index=42] [majorCode=U121] [majorName=한양사이버] [major] Post Course: 20241-한양사이버 HTTP ERROR!
2025-07-25T12:21:45.892Z [index=45] [majorCode=V022] [majorName=빅데이터트랙] [major] Post Course: 20242-빅데이터트랙 HTTP ERROR!
2025-07-25T12:21:46.005Z [index=43] [majorCode=U122] [majorName=KCU] [major] Post Course: 20241-KCU HTTP ERROR!
2025-07-25T12:21:46.019Z [index=44] [majorCode=V024] [majorName=웹공학트랙] [major] Post Course: 20251-웹공학트랙 HTTP ERROR!
2025-07-25T12:21:46.063Z [index=46] [majorCode=V023] [majorName=디지털콘텐츠·가상현실트랙] [major] Post Course: 20242-디지털콘텐츠·가상현실트랙 HTTP ERROR!
2025-07-25T12:21:46.149Z [index=45] [majorCode=V031] [majorName=전자트랙] [major] Post Course: 20251-전자트랙 HTTP ERROR!
2025-07-25T12:21:46.163Z [index=44] [majorCode=V021] [majorName=모바일소프트웨어트랙] [major] Post Course: 20241-모바일소프트웨어트랙 HTTP ERROR!
2025-07-25T12:21:46.206Z [index=47] [majorCode=V024] [majorName=웹공학트랙] [major] Post Course: 20242-웹공학트랙 HTTP ERROR!
2025-07-25T12:21:46.250Z [index=46] [majorCode=V032] [majorName=정보시스템트랙] [major] Post Course: 20251-정보시스템트랙 HTTP ERROR!
2025-07-25T12:21:46.319Z [index=48] [majorCode=V031] [majorName=전자트랙] [major] Post Course: 20242-전자트랙 HTTP ERROR!
2025-07-25T12:21:46.322Z [index=45] [majorCode=V022] [majorName=빅데이터트랙] [major] Post Course: 20241-빅데이터트랙 HTTP ERROR!
2025-07-25T12:21:46.366Z [index=47] [majorCode=V035] [majorName=시스템반도체트랙] [major] Post Course: 20251-시스템반도체트랙 HTTP ERROR!
2025-07-25T12:21:46.569Z [index=50] [majorCode=V033] [majorName=기계설계트랙] [major] Post Course: 20242-기계설계트랙 HTTP ERROR!
2025-07-25T12:21:46.642Z [index=49] [majorCode=V037] [majorName=AI로봇융합트랙] [major] Post Course: 20251-AI로봇융합트랙 HTTP ERROR!
2025-07-25T12:21:46.671Z [index=51] [majorCode=V034] [majorName=기계자동화트랙] [major] Post Course: 20242-기계자동화트랙 HTTP ERROR!
2025-07-25T12:21:46.744Z [index=50] [majorCode=V041] [majorName=지능시스템트랙] [major] Post Course: 20251-지능시스템트랙 HTTP ERROR!
2025-07-25T12:21:46.783Z [index=52] [majorCode=V035] [majorName=시스템반도체트랙] [major] Post Course: 20242-시스템반도체트랙 HTTP ERROR!
2025-07-25T12:21:46.854Z [index=47] [majorCode=V024] [majorName=웹공학트랙] [major] Post Course: 20241-웹공학트랙 HTTP ERROR!
2025-07-25T12:21:46.887Z [index=53] [majorCode=V041] [majorName=지능시스템트랙] [major] Post Course: 20242-지능시스템트랙 HTTP ERROR!
2025-07-25T12:21:46.895Z [index=51] [majorCode=V042] [majorName=사물인터넷트랙] [major] Post Course: 20251-사물인터넷트랙 HTTP ERROR!
2025-07-25T12:21:46.988Z [index=54] [majorCode=V042] [majorName=사물인터넷트랙] [major] Post Course: 20242-사물인터넷트랙 HTTP ERROR!
2025-07-25T12:21:46.991Z [index=52] [majorCode=V043] [majorName=사이버보안트랙] [major] Post Course: 20251-사이버보안트랙 HTTP ERROR!
2025-07-25T12:21:47.001Z [index=48] [majorCode=V031] [majorName=전자트랙] [major] Post Course: 20241-전자트랙 HTTP ERROR!
2025-07-25T12:21:47.092Z [index=55] [majorCode=V043] [majorName=사이버보안트랙] [major] Post Course: 20242-사이버보안트랙 HTTP ERROR!
2025-07-25T12:21:47.103Z [index=49] [majorCode=V032] [majorName=정보시스템트랙] [major] Post Course: 20241-정보시스템트랙 HTTP ERROR!
2025-07-25T12:21:47.112Z [index=53] [majorCode=V044] [majorName=ICT융합엔터테인먼트트랙] [major] Post Course: 20251-ICT융합엔터테인먼트트랙 HTTP ERROR!
2025-07-25T12:21:47.190Z [index=54] [majorCode=V070] [majorName=산업시스템공학부] [major] Post Course: 20251-산업시스템공학부 HTTP ERROR!
2025-07-25T12:21:47.220Z [index=56] [majorCode=V044] [majorName=ICT융합엔터테인먼트트랙] [major] Post Course: 20242-ICT융합엔터테인먼트트랙 HTTP ERROR!
2025-07-25T12:21:47.216Z [index=50] [majorCode=V033] [majorName=기계설계트랙] [major] Post Course: 20241-기계설계트랙 HTTP ERROR!
2025-07-25T12:21:47.309Z [index=57] [majorCode=V071] [majorName=시스템경영공학트랙] [major] Post Course: 20242-시스템경영공학트랙 HTTP ERROR!
2025-07-25T12:21:47.313Z [index=55] [majorCode=V071] [majorName=시스템경영공학트랙] [major] Post Course: 20251-시스템경영공학트랙 HTTP ERROR!
2025-07-25T12:21:47.341Z [index=51] [majorCode=V034] [majorName=기계자동화트랙] [major] Post Course: 20241-기계자동화트랙 HTTP ERROR!
2025-07-25T12:21:47.404Z [index=56] [majorCode=V072] [majorName=생산물류시스템트랙] [major] Post Course: 20251-생산물류시스템트랙 HTTP ERROR!
2025-07-25T12:21:47.445Z [index=58] [majorCode=V072] [majorName=생산물류시스템트랙] [major] Post Course: 20242-생산물류시스템트랙 HTTP ERROR!
2025-07-25T12:21:47.460Z [index=52] [majorCode=V035] [majorName=시스템반도체트랙] [major] Post Course: 20241-시스템반도체트랙 HTTP ERROR!
2025-07-25T12:21:47.505Z [index=57] [majorCode=V073] [majorName=컨설팅트랙] [major] Post Course: 20251-컨설팅트랙 HTTP ERROR!
2025-07-25T12:21:47.550Z [index=59] [majorCode=V073] [majorName=컨설팅트랙] [major] Post Course: 20242-컨설팅트랙 HTTP ERROR!
2025-07-25T12:21:47.711Z [index=59] [majorCode=V076] [majorName=응용산업데이터공학트랙] [major] Post Course: 20251-응용산업데이터공학트랙 HTTP ERROR!
2025-07-25T12:21:47.719Z [index=54] [majorCode=V042] [majorName=사물인터넷트랙] [major] Post Course: 20241-사물인터넷트랙 HTTP ERROR!
2025-07-25T12:21:47.778Z [index=61] [majorCode=V075] [majorName=지능형제조시스템트랙] [major] Post Course: 20242-지능형제조시스템트랙 HTTP ERROR!
2025-07-25T12:21:47.817Z [index=55] [majorCode=V043] [majorName=사이버보안트랙] [major] Post Course: 20241-사이버보안트랙 HTTP ERROR!
2025-07-25T12:21:47.833Z [index=60] [majorCode=V080] [majorName=스마트제조혁신컨설팅학과] [major] Post Course: 20251-스마트제조혁신컨설팅학과 HTTP ERROR!
2025-07-25T12:21:47.872Z [index=62] [majorCode=V080] [majorName=스마트제조혁신컨설팅학과] [major] Post Course: 20242-스마트제조혁신컨설팅학과 HTTP ERROR!
2025-07-25T12:21:47.929Z [index=61] [majorCode=W020] [majorName=호텔외식경영학과] [major] Post Course: 20251-호텔외식경영학과 HTTP ERROR!
2025-07-25T12:21:47.945Z [index=56] [majorCode=V044] [majorName=ICT융합엔터테인먼트트랙] [major] Post Course: 20241-ICT융합엔터테인먼트트랙 HTTP ERROR!
2025-07-25T12:21:47.986Z [index=63] [majorCode=W020] [majorName=호텔외식경영학과] [major] Post Course: 20242-호텔외식경영학과 HTTP ERROR!
2025-07-25T12:21:48.026Z [index=62] [majorCode=W030] [majorName=뷰티디자인학과] [major] Post Course: 20251-뷰티디자인학과 HTTP ERROR!
2025-07-25T12:21:48.035Z [index=57] [majorCode=V071] [majorName=시스템경영공학트랙] [major] Post Course: 20241-시스템경영공학트랙 HTTP ERROR!
2025-07-25T12:21:48.083Z [index=64] [majorCode=W030] [majorName=뷰티디자인학과] [major] Post Course: 20242-뷰티디자인학과 HTTP ERROR!
2025-07-25T12:21:48.140Z [index=63] [majorCode=W040] [majorName=비즈니스컨설팅학과] [major] Post Course: 20251-비즈니스컨설팅학과 HTTP ERROR!
2025-07-25T12:21:48.160Z [index=58] [majorCode=V072] [majorName=생산물류시스템트랙] [major] Post Course: 20241-생산물류시스템트랙 HTTP ERROR!
2025-07-25T12:21:48.192Z [index=65] [majorCode=W040] [majorName=비즈니스컨설팅학과] [major] Post Course: 20242-비즈니스컨설팅학과 HTTP ERROR!
2025-07-25T12:21:48.249Z [index=64] [majorCode=W050] [majorName=ICT융합디자인학과] [major] Post Course: 20251-ICT융합디자인학과 HTTP ERROR!
2025-07-25T12:21:48.257Z [index=59] [majorCode=V073] [majorName=컨설팅트랙] [major] Post Course: 20241-컨설팅트랙 HTTP ERROR!
2025-07-25T12:21:48.323Z [index=66] [majorCode=W050] [majorName=ICT융합디자인학과] [major] Post Course: 20242-ICT융합디자인학과 HTTP ERROR!
2025-07-25T12:21:48.357Z [index=65] [majorCode=W060] [majorName=융합행정학과] [major] Post Course: 20251-융합행정학과 HTTP ERROR!
2025-07-25T12:21:48.374Z [index=60] [majorCode=V074] [majorName=산업공학트랙] [major] Post Course: 20241-산업공학트랙 HTTP ERROR!
2025-07-25T12:21:48.419Z [index=67] [majorCode=W060] [majorName=융합행정학과] [major] Post Course: 20242-융합행정학과 HTTP ERROR!
2025-07-25T12:21:48.453Z [index=66] [majorCode=W070] [majorName=미래인재학부] [major] Post Course: 20251-미래인재학부 HTTP ERROR!
2025-07-25T12:21:48.476Z [index=61] [majorCode=V075] [majorName=지능형제조시스템트랙] [major] Post Course: 20241-지능형제조시스템트랙 HTTP ERROR!
2025-07-25T12:21:48.509Z [index=68] [majorCode=W070] [majorName=미래인재학부] [major] Post Course: 20242-미래인재학부 HTTP ERROR!
2025-07-25T12:21:48.551Z [index=67] [majorCode=X111] [majorName=IPP] [major] Post Course: 20251-IPP HTTP ERROR!
2025-07-25T12:21:48.585Z [index=62] [majorCode=V080] [majorName=스마트제조혁신컨설팅학과] [major] Post Course: 20241-스마트제조혁신컨설팅학과 HTTP ERROR!
2025-07-25T12:21:48.606Z [index=69] [majorCode=X111] [majorName=IPP] [major] Post Course: 20242-IPP HTTP ERROR!
2025-07-25T12:21:48.671Z [index=68] [majorCode=Y020] [majorName=문학문화콘텐츠학과] [major] Post Course: 20251-문학문화콘텐츠학과 HTTP ERROR!
2025-07-25T12:21:48.696Z [index=63] [majorCode=W020] [majorName=호텔외식경영학과] [major] Post Course: 20241-호텔외식경영학과 HTTP ERROR!
2025-07-25T12:21:48.710Z [index=70] [majorCode=X121] [majorName=일학습병행] [major] Post Course: 20242-일학습병행 HTTP ERROR!
2025-07-25T12:21:48.929Z [index=70] [majorCode=Y040] [majorName=융합보안학과] [major] Post Course: 20251-융합보안학과 HTTP ERROR!
2025-07-25T12:21:48.934Z [index=65] [majorCode=W040] [majorName=비즈니스컨설팅학과] [major] Post Course: 20241-비즈니스컨설팅학과 HTTP ERROR!
2025-07-25T12:21:48.994Z [index=72] [majorCode=Y030] [majorName=AI응용학과] [major] Post Course: 20242-AI응용학과 HTTP ERROR!
2025-07-25T12:21:49.036Z [index=66] [majorCode=W050] [majorName=ICT융합디자인학과] [major] Post Course: 20241-ICT융합디자인학과 HTTP ERROR!
2025-07-25T12:21:49.044Z [index=71] [majorCode=Y050] [majorName=미래모빌리티학과] [major] Post Course: 20251-미래모빌리티학과 HTTP ERROR!
2025-07-25T12:21:49.089Z [index=73] [majorCode=Y040] [majorName=융합보안학과] [major] Post Course: 20242-융합보안학과 HTTP ERROR!
2025-07-25T12:21:49.139Z [index=72] [majorCode=Y060] [majorName=SW연계전공] [major] Post Course: 20251-SW연계전공 HTTP ERROR!
2025-07-25T12:21:49.170Z [index=67] [majorCode=W060] [majorName=융합행정학과] [major] Post Course: 20241-융합행정학과 HTTP ERROR!
2025-07-25T12:21:49.174Z [index=74] [majorCode=Y050] [majorName=미래모빌리티학과] [major] Post Course: 20242-미래모빌리티학과 HTTP ERROR!
2025-07-25T12:21:49.250Z [index=73] [majorCode=A040] [majorName=영어영문학부] [major] Post Course: 20251-영어영문학부 HTTP ERROR!
2025-07-25T12:21:49.293Z [index=75] [majorCode=A040] [majorName=영어영문학부] [major] Post Course: 20242-영어영문학부 HTTP ERROR!
2025-07-25T12:21:49.289Z [index=68] [majorCode=W070] [majorName=미래인재학부] [major] Post Course: 20241-미래인재학부 HTTP ERROR!
2025-07-25T12:21:49.354Z [index=74] [majorCode=A050] [majorName=역사문화학부] [major] Post Course: 20251-역사문화학부 HTTP ERROR!
2025-07-25T12:21:49.396Z [index=69] [majorCode=X111] [majorName=IPP] [major] Post Course: 20241-IPP HTTP ERROR!
2025-07-25T12:21:49.413Z [index=76] [majorCode=A050] [majorName=역사문화학부] [major] Post Course: 20242-역사문화학부 HTTP ERROR!
2025-07-25T12:21:49.480Z [index=75] [majorCode=A071] [majorName=국어국문전공] [major] Post Course: 20251-국어국문전공 HTTP ERROR!
2025-07-25T12:21:49.512Z [index=70] [majorCode=Y020] [majorName=문학문화콘텐츠학과] [major] Post Course: 20241-문학문화콘텐츠학과 HTTP ERROR!
2025-07-25T12:21:49.521Z [index=77] [majorCode=A071] [majorName=국어국문전공] [major] Post Course: 20242-국어국문전공 HTTP ERROR!
2025-07-25T12:21:49.584Z [index=76] [majorCode=A072] [majorName=문헌정보전공] [major] Post Course: 20251-문헌정보전공 HTTP ERROR!
2025-07-25T12:21:49.618Z [index=71] [majorCode=Y030] [majorName=AI응용학과] [major] Post Course: 20241-AI응용학과 HTTP ERROR!
2025-07-25T12:21:49.646Z [index=78] [majorCode=A072] [majorName=문헌정보전공] [major] Post Course: 20242-문헌정보전공 HTTP ERROR!
2025-07-25T12:21:49.696Z [index=72] [majorCode=Y040] [majorName=융합보안학과] [major] Post Course: 20241-융합보안학과 HTTP ERROR!
2025-07-25T12:21:49.700Z [index=77] [majorCode=D040] [majorName=경영학부] [major] Post Course: 20251-경영학부 HTTP ERROR!
2025-07-25T12:21:49.769Z [index=79] [majorCode=D040] [majorName=경영학부] [major] Post Course: 20242-경영학부 HTTP ERROR!
2025-07-25T12:21:49.784Z [index=73] [majorCode=Y050] [majorName=미래모빌리티학과] [major] Post Course: 20241-미래모빌리티학과 HTTP ERROR!
2025-07-25T12:21:49.829Z [index=78] [majorCode=D121] [majorName=무역학과] [major] Post Course: 20251-무역학과 HTTP ERROR!
2025-07-25T12:21:49.884Z [index=80] [majorCode=D121] [majorName=무역학과] [major] Post Course: 20242-무역학과 HTTP ERROR!
2025-07-25T12:21:49.900Z [index=74] [majorCode=A040] [majorName=영어영문학부] [major] Post Course: 20241-영어영문학부 HTTP ERROR!
2025-07-25T12:21:49.928Z [index=79] [majorCode=D132] [majorName=경제학과] [major] Post Course: 20251-경제학과 HTTP ERROR!
2025-07-25T12:21:50.150Z [index=82] [majorCode=D142] [majorName=행정학과] [major] Post Course: 20242-행정학과 HTTP ERROR!
2025-07-25T12:21:50.170Z [index=76] [majorCode=A071] [majorName=국어국문전공] [major] Post Course: 20241-국어국문전공 HTTP ERROR!
2025-07-25T12:21:50.215Z [index=81] [majorCode=D172] [majorName=부동산학과] [major] Post Course: 20251-부동산학과 HTTP ERROR!
2025-07-25T12:21:50.269Z [index=83] [majorCode=D172] [majorName=부동산학과] [major] Post Course: 20242-부동산학과 HTTP ERROR!
2025-07-25T12:21:50.294Z [index=77] [majorCode=A072] [majorName=문헌정보전공] [major] Post Course: 20241-문헌정보전공 HTTP ERROR!
2025-07-25T12:21:50.311Z [index=82] [majorCode=D201] [majorName=부동산세무경영학과] [major] Post Course: 20251-부동산세무경영학과 HTTP ERROR!
2025-07-25T12:21:50.364Z [index=84] [majorCode=D201] [majorName=부동산세무경영학과] [major] Post Course: 20242-부동산세무경영학과 HTTP ERROR!
2025-07-25T12:21:50.407Z [index=83] [majorCode=D301] [majorName=벤처창업연계전공] [major] Post Course: 20251-벤처창업연계전공 HTTP ERROR!
2025-07-25T12:21:50.419Z [index=78] [majorCode=D040] [majorName=경영학부] [major] Post Course: 20241-경영학부 HTTP ERROR!
2025-07-25T12:21:50.448Z [index=85] [majorCode=D301] [majorName=벤처창업연계전공] [major] Post Course: 20242-벤처창업연계전공 HTTP ERROR!
2025-07-25T12:21:50.504Z [index=84] [majorCode=G038] [majorName=인터랙티브엔터테인먼트] [major] Post Course: 20251-인터랙티브엔터테인먼트 HTTP ERROR!
2025-07-25T12:21:50.546Z [index=79] [majorCode=D121] [majorName=무역학과] [major] Post Course: 20241-무역학과 HTTP ERROR!
2025-07-25T12:21:50.558Z [index=86] [majorCode=G038] [majorName=인터랙티브엔터테인먼트] [major] Post Course: 20242-인터랙티브엔터테인먼트 HTTP ERROR!
2025-07-25T12:21:50.623Z [index=85] [majorCode=G040] [majorName=패션학부] [major] Post Course: 20251-패션학부 HTTP ERROR!
2025-07-25T12:21:50.670Z [index=80] [majorCode=D132] [majorName=경제학과] [major] Post Course: 20241-경제학과 HTTP ERROR!
2025-07-25T12:21:50.681Z [index=87] [majorCode=G040] [majorName=패션학부] [major] Post Course: 20242-패션학부 HTTP ERROR!
2025-07-25T12:21:50.751Z [index=86] [majorCode=G050] [majorName=융복합디자인학부] [major] Post Course: 20251-융복합디자인학부 HTTP ERROR!
2025-07-25T12:21:50.786Z [index=81] [majorCode=D142] [majorName=행정학과] [major] Post Course: 20241-행정학과 HTTP ERROR!
2025-07-25T12:21:50.817Z [index=88] [majorCode=G050] [majorName=융복합디자인학부] [major] Post Course: 20242-융복합디자인학부 HTTP ERROR!
2025-07-25T12:21:50.857Z [index=87] [majorCode=G060] [majorName=인테리어디자인학과] [major] Post Course: 20251-인테리어디자인학과 HTTP ERROR!
2025-07-25T12:21:50.926Z [index=82] [majorCode=D172] [majorName=부동산학과] [major] Post Course: 20241-부동산학과 HTTP ERROR!
2025-07-25T12:21:50.935Z [index=89] [majorCode=G060] [majorName=인테리어디자인학과] [major] Post Course: 20242-인테리어디자인학과 HTTP ERROR!
2025-07-25T12:21:51.003Z [index=88] [majorCode=G111] [majorName=무용학과] [major] Post Course: 20251-무용학과 HTTP ERROR!
2025-07-25T12:21:51.033Z [index=83] [majorCode=D201] [majorName=부동산세무경영학과] [major] Post Course: 20241-부동산세무경영학과 HTTP ERROR!
2025-07-25T12:21:51.069Z [index=90] [majorCode=G111] [majorName=무용학과] [major] Post Course: 20242-무용학과 HTTP ERROR!
2025-07-25T12:21:51.112Z [index=89] [majorCode=G161] [majorName=회화과] [major] Post Course: 20251-회화과 HTTP ERROR!
2025-07-25T12:21:51.291Z [index=92] [majorCode=K141] [majorName=산업시스템공학과] [major] Post Course: 20242-산업시스템공학과 HTTP ERROR!
2025-07-25T12:21:51.309Z [index=85] [majorCode=G038] [majorName=인터랙티브엔터테인먼트] [major] Post Course: 20241-인터랙티브엔터테인먼트 HTTP ERROR!
2025-07-25T12:21:51.406Z [index=93] [majorCode=K151] [majorName=기계시스템공학과] [major] Post Course: 20242-기계시스템공학과 HTTP ERROR!
2025-07-25T12:21:51.416Z [index=91] [majorCode=K161] [majorName=산업경영공학과] [major] Post Course: 20251-산업경영공학과 HTTP ERROR!
2025-07-25T12:21:51.429Z [index=86] [majorCode=G040] [majorName=패션학부] [major] Post Course: 20241-패션학부 HTTP ERROR!
2025-07-25T12:21:51.514Z [index=94] [majorCode=K161] [majorName=산업경영공학과] [major] Post Course: 20242-산업경영공학과 HTTP ERROR!
2025-07-25T12:21:51.573Z [index=87] [majorCode=G050] [majorName=융복합디자인학부] [major] Post Course: 20241-융복합디자인학부 HTTP ERROR!
2025-07-25T12:21:51.588Z [index=92] [majorCode=K170] [majorName=컴퓨터공학부] [major] Post Course: 20251-컴퓨터공학부 HTTP ERROR!
2025-07-25T12:21:51.681Z [index=95] [majorCode=K170] [majorName=컴퓨터공학부] [major] Post Course: 20242-컴퓨터공학부 HTTP ERROR!
2025-07-25T12:21:51.716Z [index=88] [majorCode=G060] [majorName=인테리어디자인학과] [major] Post Course: 20241-인테리어디자인학과 HTTP ERROR!
2025-07-25T12:21:51.721Z [index=93] [majorCode=K181] [majorName=전자정보공학과] [major] Post Course: 20251-전자정보공학과 HTTP ERROR!
2025-07-25T12:21:51.810Z [index=96] [majorCode=K181] [majorName=전자정보공학과] [major] Post Course: 20242-전자정보공학과 HTTP ERROR!
2025-07-25T12:21:51.844Z [index=89] [majorCode=G111] [majorName=무용학과] [major] Post Course: 20241-무용학과 HTTP ERROR!
2025-07-25T12:21:51.857Z [index=94] [majorCode=K191] [majorName=IT응용시스템공학과] [major] Post Course: 20251-IT응용시스템공학과 HTTP ERROR!
2025-07-25T12:21:51.918Z [index=97] [majorCode=K191] [majorName=IT응용시스템공학과] [major] Post Course: 20242-IT응용시스템공학과 HTTP ERROR!
2025-07-25T12:21:51.945Z [index=90] [majorCode=G161] [majorName=회화과] [major] Post Course: 20241-회화과 HTTP ERROR!
2025-07-25T12:21:51.981Z [index=95] [majorCode=K511] [majorName=지식서비스&컨설팅연계전공] [major] Post Course: 20251-지식서비스&컨설팅연계전공 HTTP ERROR!
2025-07-25T12:21:52.023Z [index=98] [majorCode=K511] [majorName=지식서비스&컨설팅연계전공] [major] Post Course: 20242-지식서비스&컨설팅연계전공 HTTP ERROR!
2025-07-25T12:21:52.040Z [index=91] [majorCode=K141] [majorName=산업시스템공학과] [major] Post Course: 20241-산업시스템공학과 HTTP ERROR!
2025-07-25T12:21:52.135Z [index=96] [majorCode=L11E] [majorName=교양필수] [major] Post Course: 20251-교양필수 HTTP ERROR!
2025-07-25T12:21:52.179Z [index=99] [majorCode=L11E] [majorName=교양필수] [major] Post Course: 20242-교양필수 HTTP ERROR!
2025-07-25T12:21:52.290Z [index=97] [majorCode=L11F] [majorName=선택필수교양] [major] Post Course: 20251-선택필수교양 HTTP ERROR!
2025-07-25T12:21:52.668Z [index=101] [majorCode=L11G] [majorName=일반교양] [major] Post Course: 20242-일반교양 HTTP ERROR!
2025-07-25T12:21:52.692Z [index=100] [majorCode=L330] [majorName=학점인정] [major] Post Course: 20251-학점인정 HTTP ERROR!
2025-07-25T12:21:52.770Z [index=102] [majorCode=L11H] [majorName=일반선택] [major] Post Course: 20242-일반선택 HTTP ERROR!
2025-07-25T12:21:52.785Z [index=101] [majorCode=M020] [majorName=C&C School] [major] Post Course: 20251-C&C School HTTP ERROR!
2025-07-25T12:21:52.860Z [index=103] [majorCode=L330] [majorName=학점인정] [major] Post Course: 20242-학점인정 HTTP ERROR!
2025-07-25T12:21:52.881Z [index=102] [majorCode=M033] [majorName=SAP 비즈니스 아카데미] [major] Post Course: 20251-SAP 비즈니스 아카데미 HTTP ERROR!
2025-07-25T12:21:52.959Z [index=104] [majorCode=M020] [majorName=C&C School] [major] Post Course: 20242-C&C School HTTP ERROR!
2025-07-25T12:21:52.970Z [index=103] [majorCode=M034] [majorName=인공지능(AI) 전문과정] [major] Post Course: 20251-인공지능(AI) 전문과정 HTTP ERROR!
2025-07-25T12:21:53.050Z [index=105] [majorCode=M033] [majorName=SAP 비즈니스 아카데미] [major] Post Course: 20242-SAP 비즈니스 아카데미 HTTP ERROR!
2025-07-25T12:21:53.053Z [index=104] [majorCode=M037] [majorName=만화/웹툰 전문가과정] [major] Post Course: 20251-만화/웹툰 전문가과정 HTTP ERROR!
2025-07-25T12:21:53.135Z [index=106] [majorCode=M034] [majorName=인공지능(AI) 전문과정] [major] Post Course: 20242-인공지능(AI) 전문과정 HTTP ERROR!
2025-07-25T12:21:53.136Z [index=105] [majorCode=M039] [majorName=디지털 사진 영상촬영 아카데미] [major] Post Course: 20251-디지털 사진 영상촬영 아카데미 HTTP ERROR!
2025-07-25T12:21:53.215Z [index=106] [majorCode=M03A] [majorName=영상CG&시각효과 전문가과정] [major] Post Course: 20251-영상CG&시각효과 전문가과정 HTTP ERROR!
2025-07-25T12:21:53.218Z [index=92] [majorCode=K151] [majorName=기계시스템공학과] [major] Post Course: 20241-기계시스템공학과 HTTP ERROR!
2025-07-25T12:21:53.222Z [index=107] [majorCode=M035] [majorName=창업&프랜차이즈 아카데미] [major] Post Course: 20242-창업&프랜차이즈 아카데미 HTTP ERROR!
2025-07-25T12:21:53.303Z [index=107] [majorCode=M03C] [majorName=심리상담 전문가 과정] [major] Post Course: 20251-심리상담 전문가 과정 HTTP ERROR!
2025-07-25T12:21:53.317Z [index=108] [majorCode=M037] [majorName=만화/웹툰 전문가과정] [major] Post Course: 20242-만화/웹툰 전문가과정 HTTP ERROR!
2025-07-25T12:21:53.336Z [index=93] [majorCode=K161] [majorName=산업경영공학과] [major] Post Course: 20241-산업경영공학과 HTTP ERROR!
2025-07-25T12:21:53.389Z [index=108] [majorCode=M03D] [majorName=진로·취업 컨설턴트 양성 과정] [major] Post Course: 20251-진로·취업 컨설턴트 양성 과정 HTTP ERROR!
2025-07-25T12:21:53.413Z [index=109] [majorCode=M038] [majorName=디지털 편집디자인 전문과정] [major] Post Course: 20242-디지털 편집디자인 전문과정 HTTP ERROR!
2025-07-25T12:21:53.473Z [index=109] [majorCode=M03E] [majorName=대기업 특허엔지니어 직무양성 프로그램] [major] Post Course: 20251-대기업 특허엔지니어 직무양성 프로그램 HTTP ERROR!
2025-07-25T12:21:53.501Z [index=110] [majorCode=M039] [majorName=디지털 사진 영상촬영 아카데미] [major] Post Course: 20242-디지털 사진 영상촬영 아카데미 HTTP ERROR!
2025-07-25T12:21:53.530Z [index=94] [majorCode=K170] [majorName=컴퓨터공학부] [major] Post Course: 20241-컴퓨터공학부 HTTP ERROR!
2025-07-25T12:21:53.561Z [index=110] [majorCode=M041] [majorName=한국언어문화교육전공] [major] Post Course: 20251-한국언어문화교육전공 HTTP ERROR!
2025-07-25T12:21:53.605Z [index=111] [majorCode=M03A] [majorName=영상CG&시각효과 전문가과정] [major] Post Course: 20242-영상CG&시각효과 전문가과정 HTTP ERROR!
2025-07-25T12:21:53.637Z [index=95] [majorCode=K181] [majorName=전자정보공학과] [major] Post Course: 20241-전자정보공학과 HTTP ERROR!
2025-07-25T12:21:53.648Z [index=111] [majorCode=M042] [majorName=글로벌K비즈니스전공] [major] Post Course: 20251-글로벌K비즈니스전공 HTTP ERROR!
2025-07-25T12:21:53.781Z [index=113] [majorCode=M03C] [majorName=심리상담 전문가 과정] [major] Post Course: 20242-심리상담 전문가 과정 HTTP ERROR!
2025-07-25T12:21:53.807Z [index=113] [majorCode=M044] [majorName=패션뷰티크리에이션전공] [major] Post Course: 20251-패션뷰티크리에이션전공 HTTP ERROR!
2025-07-25T12:21:53.870Z [index=114] [majorCode=M050] [majorName=학점인정] [major] Post Course: 20242-학점인정 HTTP ERROR!
2025-07-25T12:21:53.896Z [index=114] [majorCode=M050] [majorName=학점인정] [major] Post Course: 20251-학점인정 HTTP ERROR!
2025-07-25T12:21:53.962Z [index=97] [majorCode=K511] [majorName=지식서비스&컨설팅연계전공] [major] Post Course: 20241-지식서비스&컨설팅연계전공 HTTP ERROR!
2025-07-25T12:21:53.993Z [index=115] [majorCode=M111] [majorName=단과대학구분없음] [major] Post Course: 20251-단과대학구분없음 HTTP ERROR!
2025-07-25T12:21:53.996Z [index=115] [majorCode=M111] [majorName=단과대학구분없음] [major] Post Course: 20242-단과대학구분없음 HTTP ERROR!
2025-07-25T12:21:54.084Z [index=116] [majorCode=N110] [majorName=교직] [major] Post Course: 20242-교직 HTTP ERROR!
2025-07-25T12:21:54.162Z [index=98] [majorCode=L11E] [majorName=교양필수] [major] Post Course: 20241-교양필수 HTTP ERROR!
2025-07-25T12:21:54.328Z [index=99] [majorCode=L11F] [majorName=선택필수교양] [major] Post Course: 20241-선택필수교양 HTTP ERROR!
2025-07-25T12:21:54.460Z [index=100] [majorCode=L11G] [majorName=일반교양] [major] Post Course: 20241-일반교양 HTTP ERROR!
2025-07-25T12:21:54.543Z [index=101] [majorCode=L11H] [majorName=일반선택] [major] Post Course: 20241-일반선택 HTTP ERROR!
2025-07-25T12:21:54.635Z [index=102] [majorCode=M020] [majorName=C&C School] [major] Post Course: 20241-C&C School HTTP ERROR!
2025-07-25T12:21:54.715Z [index=103] [majorCode=M033] [majorName=SAP 비즈니스 아카데미] [major] Post Course: 20241-SAP 비즈니스 아카데미 HTTP ERROR!
2025-07-25T12:21:55.055Z [index=107] [majorCode=M039] [majorName=디지털 사진 영상촬영 아카데미] [major] Post Course: 20241-디지털 사진 영상촬영 아카데미 HTTP ERROR!
2025-07-25T12:21:55.134Z [index=108] [majorCode=M03A] [majorName=영상CG&시각효과 전문가과정] [major] Post Course: 20241-영상CG&시각효과 전문가과정 HTTP ERROR!
2025-07-25T12:21:55.231Z [index=109] [majorCode=M03B] [majorName=옴니채널 및 패션ERP전문가 ] [major] Post Course: 20241-옴니채널 및 패션ERP전문가  HTTP ERROR!
2025-07-25T12:21:55.303Z [index=110] [majorCode=M03C] [majorName=심리상담 전문가 과정] [major] Post Course: 20241-심리상담 전문가 과정 HTTP ERROR!
2025-07-25T12:21:55.404Z [index=111] [majorCode=M111] [majorName=단과대학구분없음] [major] Post Course: 20241-단과대학구분없음 HTTP ERROR!
2025-07-25T12:21:55.476Z [index=112] [majorCode=N110] [majorName=교직] [major] Post Course: 20241-교직 HTTP ERROR!
